[debug] [2024-03-14T13:47:13.984Z] ----------------------------------------------------------------------
[debug] [2024-03-14T13:47:13.987Z] Command:       C:\Program Files\nodejs\node.exe C:\Users\srsoh\AppData\Roaming\npm\node_modules\firebase-tools\lib\bin\firebase.js deploy
[debug] [2024-03-14T13:47:13.988Z] CLI Version:   13.2.1
[debug] [2024-03-14T13:47:13.988Z] Platform:      win32
[debug] [2024-03-14T13:47:13.988Z] Node Version:  v20.11.0
[debug] [2024-03-14T13:47:13.988Z] Time:          Thu Mar 14 2024 19:47:13 GMT+0600 (Bangladesh Standard Time)
[debug] [2024-03-14T13:47:13.988Z] ----------------------------------------------------------------------
[debug] 
[debug] [2024-03-14T13:47:14.086Z] > command requires scopes: ["email","openid","https://www.googleapis.com/auth/cloudplatformprojects.readonly","https://www.googleapis.com/auth/firebase","https://www.googleapis.com/auth/cloud-platform"]
[debug] [2024-03-14T13:47:14.086Z] > authorizing via signed-in user (srsohan284@gmail.com)
[debug] [2024-03-14T13:47:14.087Z] [iam] checking project fox-it-80c73 for permissions ["firebase.projects.get","firebasehosting.sites.update"]
[debug] [2024-03-14T13:47:14.089Z] >>> [apiv2][query] POST https://cloudresourcemanager.googleapis.com/v1/projects/fox-it-80c73:testIamPermissions [none]
[debug] [2024-03-14T13:47:14.089Z] >>> [apiv2][(partial)header] POST https://cloudresourcemanager.googleapis.com/v1/projects/fox-it-80c73:testIamPermissions x-goog-quota-user=projects/fox-it-80c73
[debug] [2024-03-14T13:47:14.090Z] >>> [apiv2][body] POST https://cloudresourcemanager.googleapis.com/v1/projects/fox-it-80c73:testIamPermissions {"permissions":["firebase.projects.get","firebasehosting.sites.update"]}
[debug] [2024-03-14T13:47:16.167Z] <<< [apiv2][status] POST https://cloudresourcemanager.googleapis.com/v1/projects/fox-it-80c73:testIamPermissions 200
[debug] [2024-03-14T13:47:16.167Z] <<< [apiv2][body] POST https://cloudresourcemanager.googleapis.com/v1/projects/fox-it-80c73:testIamPermissions {"permissions":["firebase.projects.get","firebasehosting.sites.update"]}
[debug] [2024-03-14T13:47:16.169Z] >>> [apiv2][query] GET https://firebase.googleapis.com/v1beta1/projects/fox-it-80c73 [none]
[debug] [2024-03-14T13:47:16.970Z] <<< [apiv2][status] GET https://firebase.googleapis.com/v1beta1/projects/fox-it-80c73 200
[debug] [2024-03-14T13:47:16.970Z] <<< [apiv2][body] GET https://firebase.googleapis.com/v1beta1/projects/fox-it-80c73 {"projectId":"fox-it-80c73","projectNumber":"73738633883","displayName":"fox-it","name":"projects/fox-it-80c73","resources":{"hostingSite":"fox-it-80c73"},"state":"ACTIVE","etag":"1_7ce76f35-c664-4df3-bace-7b361014429a"}
[info] 
[info] === Deploying to 'fox-it-80c73'...
[info] 
[info] i  deploying hosting 
[debug] [2024-03-14T13:47:16.977Z] >>> [apiv2][query] POST https://firebasehosting.googleapis.com/v1beta1/projects/-/sites/fox-it-80c73/versions [none]
[debug] [2024-03-14T13:47:16.977Z] >>> [apiv2][body] POST https://firebasehosting.googleapis.com/v1beta1/projects/-/sites/fox-it-80c73/versions {"status":"CREATED","labels":{"deployment-tool":"cli-firebase"}}
[debug] [2024-03-14T13:47:18.651Z] <<< [apiv2][status] POST https://firebasehosting.googleapis.com/v1beta1/projects/-/sites/fox-it-80c73/versions 200
[debug] [2024-03-14T13:47:18.652Z] <<< [apiv2][body] POST https://firebasehosting.googleapis.com/v1beta1/projects/-/sites/fox-it-80c73/versions {"name":"projects/73738633883/sites/fox-it-80c73/versions/ca9e399ac369b830","status":"CREATED","config":{},"labels":{"deployment-tool":"cli-firebase"}}
[info] i  hosting[fox-it-80c73]: beginning deploy... 
[info] i  hosting[fox-it-80c73]: found 19 files in build 
[debug] [2024-03-14T13:47:18.667Z] [hosting] uploading with 200 concurrency
[debug] [2024-03-14T13:47:18.673Z] [hosting] hash cache [YnVpbGQ] stored for 19 files
[debug] [2024-03-14T13:47:18.674Z] [hosting][hash queue][FINAL] {"max":2,"min":1,"avg":1,"active":0,"complete":19,"success":19,"errored":0,"retried":0,"total":19,"elapsed":5}
[debug] [2024-03-14T13:47:18.674Z] >>> [apiv2][query] POST https://firebasehosting.googleapis.com/v1beta1/projects/73738633883/sites/fox-it-80c73/versions/ca9e399ac369b830:populateFiles [none]
[debug] [2024-03-14T13:47:18.674Z] >>> [apiv2][body] POST https://firebasehosting.googleapis.com/v1beta1/projects/73738633883/sites/fox-it-80c73/versions/ca9e399ac369b830:populateFiles {"files":{"/asset-manifest.json":"05f2623abf0f7cfe2ac45bf440b74677c33b0100309a1f3d4a2a17dba7b53d28","/favicon.ico":"ca7db7fe92190f83d824ba4d8789e770fd28660f1c20f7d48ad30873e492b36e","/index.html":"e9e6f0600f12f66b5b65b8b8ba626bcdcb1d55724ac8ae1406a1e4314fcf471c","/logo192.png":"79e2b749561016bc8af300ea19f48347ceed3cb1a54f48ae456172eca45e08f0","/logo512.png":"212b102aa09e51b3b3e06647e81f7801a61333e171f6582e8124379aabccb41d","/manifest.json":"4368aeaf848ae2e048765562c289452f33ad2a175c4b1951ea8bdf2ada0d5b10","/robots.txt":"b2090cf9761ef60aa06e4fab97679bd43dfa5e5df073701ead5879d7c68f1ec5","/_redirects":"ad9570b21b26001e5954948ea7672fb32b990504c96c3dd8bcf82c48832b1927","/static/css/main.76326c52.css":"0164bf914920da9d9da3c90a222ef273d7d2ab418702d781255f301c98a234bc","/static/css/main.76326c52.css.map":"3df6b4098df0d80f17d2f9cbe46a1a3484b3565765c2f1bb15e7390b81504a08","/static/js/787.0f9d3861.chunk.js":"449688c325214214a6cdee2559ea06b06c7e6dfeb7abbccc2490da68cdcc5d8b","/static/js/787.0f9d3861.chunk.js.map":"5a246ec3f4f3ace5c17165b5d544b6012e7d0be7cdc2d851ade72ffcf78c1869","/static/js/main.80e638c2.js":"35b69ceaad04a9dba595fbf68992aac3e4888ac5fd68f294204cb79b943aaa94","/static/js/main.80e638c2.js.LICENSE.txt":"eb7237e2c7f2960de7ce64a290d634934f3eb78a1c82e6fc7a5fa9f36088eaa3","/static/js/main.80e638c2.js.map":"9f881fae70a56b6bbeeec2d4d50a667cf1c33516d4344074b7edf0bd91e62dc6","/static/media/slick.2630a3e3eab21c607e21.svg":"4d223326396dcf3abf9f31e7fe324d7cee327799c322474d6246950d56c9a9e5","/static/media/slick.295183786cd8a1389865.woff":"7feb12b85f7c511f941d9d2f657d107daec1e37b452a23d355ec3e72fa884ee3","/static/media/slick.a4e97f5a2a64f0ab1323.eot":"ed67f7884c468f957a4ec1010741b07addd932d8c47a83b0a720a799ead75dbb","/static/media/slick.c94f7671dcc99dce43e2.ttf":"2a69fb5b4ff00530e26e5560f694292a430b43ce5487c120a3feceec7c92d3cc"}}
[debug] [2024-03-14T13:47:19.297Z] <<< [apiv2][status] POST https://firebasehosting.googleapis.com/v1beta1/projects/73738633883/sites/fox-it-80c73/versions/ca9e399ac369b830:populateFiles 200
[debug] [2024-03-14T13:47:19.297Z] <<< [apiv2][body] POST https://firebasehosting.googleapis.com/v1beta1/projects/73738633883/sites/fox-it-80c73/versions/ca9e399ac369b830:populateFiles {"uploadUrl":"https://upload-firebasehosting.googleapis.com/upload/sites/fox-it-80c73/versions/ca9e399ac369b830/files"}
[debug] [2024-03-14T13:47:19.297Z] [hosting][populate queue][FINAL] {"max":625,"min":625,"avg":625,"active":0,"complete":1,"success":1,"errored":0,"retried":0,"total":1,"elapsed":625}
[debug] [2024-03-14T13:47:19.297Z] [hosting] uploads queued: 0
[debug] [2024-03-14T13:47:19.297Z] [hosting][upload queue][FINAL] {"max":0,"min":9999999999,"avg":0,"active":0,"complete":0,"success":0,"errored":0,"retried":0,"total":0,"elapsed":1710424039297}
[info] +  hosting[fox-it-80c73]: file upload complete 
[debug] [2024-03-14T13:47:19.298Z] [hosting] deploy completed after 645ms
[debug] [2024-03-14T13:47:19.298Z] [
  {
    "config": {
      "public": "build",
      "ignore": [
        "firebase.json",
        "**/.*",
        "**/node_modules/**"
      ],
      "rewrites": [
        {
          "source": "**",
          "destination": "/index.html"
        }
      ],
      "site": "fox-it-80c73"
    },
    "version": "projects/73738633883/sites/fox-it-80c73/versions/ca9e399ac369b830"
  }
]
[info] i  hosting[fox-it-80c73]: finalizing version... 
[debug] [2024-03-14T13:47:19.302Z] >>> [apiv2][query] PATCH https://firebasehosting.googleapis.com/v1beta1/projects/-/sites/fox-it-80c73/versions/ca9e399ac369b830 updateMask=status%2Cconfig
[debug] [2024-03-14T13:47:19.302Z] >>> [apiv2][body] PATCH https://firebasehosting.googleapis.com/v1beta1/projects/-/sites/fox-it-80c73/versions/ca9e399ac369b830 {"status":"FINALIZED","config":{"rewrites":[{"glob":"**","path":"/index.html"}]}}
